<?xml version="1.0" encoding="UTF-8"?>
<testng-results skipped="0" failed="0" ignored="0" total="1" passed="1">
  <reporter-output>
  </reporter-output>
  <suite name="Suite" duration-ms="43" started-at="2020-08-08T07:27:28Z" finished-at="2020-08-08T07:27:28Z">
    <groups>
    </groups>
    <test name="Test" duration-ms="43" started-at="2020-08-08T07:27:28Z" finished-at="2020-08-08T07:27:28Z">
      <class name="testNgAtrributes.TestNGParameters">
        <test-method status="PASS" signature="launchBrowser(java.lang.String)[pri:0, instance:testNgAtrributes.TestNGParameters@50c87b21]" name="launchBrowser" duration-ms="13" started-at="2020-08-08T07:27:28Z" finished-at="2020-08-08T07:27:28Z">
          <params>
            <param index="0">
              <value>
                <![CDATA[chrome]]>
              </value>
            </param>
          </params>
          <reporter-output>
          </reporter-output>
        </test-method> <!-- launchBrowser -->
      </class> <!-- testNgAtrributes.TestNGParameters -->
    </test> <!-- Test -->
  </suite> <!-- Suite -->
</testng-results>
