<?xml version="1.0" encoding="UTF-8"?>
<!-- Generated by org.testng.reporters.JUnitXMLReporter -->
<testsuite hostname="DESKTOP-A6N9SAN" ignored="0" name="Module 1" tests="5" failures="0" timestamp="14 Aug 2020 10:56:00 GMT" time="0.054" errors="0">
  <testcase name="test1" time="0.004" classname="basicAnnotations.TestNgClass2"/>
  <testcase name="test2" time="0.0" classname="basicAnnotations.TestNgClass2"/>
  <testcase name="test1" time="0.004" classname="basicAnnotations.TestNGFirstClass"/>
  <testcase name="test2" time="0.001" classname="basicAnnotations.TestNGFirstClass"/>
  <testcase name="test3" time="0.0" classname="basicAnnotations.TestNGFirstClass"/>
</testsuite> <!-- Module 1 -->
