<?xml version="1.0" encoding="UTF-8"?>
<!-- Generated by org.testng.reporters.JUnitXMLReporter -->
<testsuite hostname="DESKTOP-A6N9SAN" ignored="0" name="Module 2" tests="4" failures="0" timestamp="08 Aug 2020 05:58:38 GMT" time="0.016" errors="0">
  <testcase name="test1" time="0.001" classname="basicAnnotations.TestNgClass3"/>
  <testcase name="test2" time="0.002" classname="basicAnnotations.TestNgClass3"/>
  <testcase name="test1" time="0.001" classname="basicAnnotations.TestNgClass4"/>
  <testcase name="test2" time="0.002" classname="basicAnnotations.TestNgClass4"/>
</testsuite> <!-- Module 2 -->
