<?xml version="1.0" encoding="UTF-8"?>
<!-- Generated by org.testng.reporters.JUnitXMLReporter -->
<testsuite hostname="DESKTOP-A6N9SAN" ignored="0" name="Module 1" tests="5" failures="0" timestamp="08 Aug 2020 05:58:38 GMT" time="0.085" errors="0">
  <testcase name="test1" time="0.011" classname="basicAnnotations.TestNgClass2"/>
  <testcase name="test2" time="0.002" classname="basicAnnotations.TestNgClass2"/>
  <testcase name="test1" time="0.003" classname="basicAnnotations.TestNGFirstClass"/>
  <testcase name="test2" time="0.003" classname="basicAnnotations.TestNGFirstClass"/>
  <testcase name="test3" time="0.002" classname="basicAnnotations.TestNGFirstClass"/>
</testsuite> <!-- Module 1 -->
