<?xml version="1.0" encoding="UTF-8"?>
<!-- Generated by org.testng.reporters.JUnitXMLReporter -->
<testsuite hostname="DESKTOP-A6N9SAN" ignored="0" name="Test" tests="1" failures="0" timestamp="12 Aug 2020 09:47:28 GMT" time="0.024" errors="0">
  <testcase name="@BeforeSuite lauchBrowser" time="5.033" classname="pages.Motorcycle.EnterProductData">
    <failure type="java.lang.NullPointerException">
      <![CDATA[java.lang.NullPointerException
at pages.Motorcycle.EnterProductData.lauchBrowser(EnterProductData.java:20)
... Removed 20 stack frames]]>
    </failure>
  </testcase> <!-- @BeforeSuite lauchBrowser -->
  <testcase name="hobbiesSelection" time="0.0" classname="pages.Motorcycle.EnterProductData">
    <skipped/>
  </testcase> <!-- hobbiesSelection -->
</testsuite> <!-- Test -->
