<?xml version="1.0" encoding="UTF-8"?>
<testng-results skipped="0" failed="0" ignored="0" total="3" passed="3">
  <reporter-output>
  </reporter-output>
  <suite name="Default suite" duration-ms="52" started-at="2020-08-08T06:17:01Z" finished-at="2020-08-08T06:17:01Z">
    <groups>
    </groups>
    <test name="Default test" duration-ms="52" started-at="2020-08-08T06:17:01Z" finished-at="2020-08-08T06:17:01Z">
      <class name="basicAnnotations.TestNGFirstClass">
        <test-method status="PASS" signature="beforeSuite()[pri:0, instance:basicAnnotations.TestNGFirstClass@2ef5e5e3]" name="beforeSuite" is-config="true" duration-ms="11" started-at="2020-08-08T06:17:01Z" finished-at="2020-08-08T06:17:01Z">
          <reporter-output>
          </reporter-output>
        </test-method> <!-- beforeSuite -->
        <test-method status="PASS" signature="beforeClass()[pri:0, instance:basicAnnotations.TestNGFirstClass@2ef5e5e3]" name="beforeClass" is-config="true" duration-ms="0" started-at="2020-08-08T06:17:01Z" finished-at="2020-08-08T06:17:01Z">
          <reporter-output>
          </reporter-output>
        </test-method> <!-- beforeClass -->
        <test-method status="PASS" signature="test1()[pri:0, instance:basicAnnotations.TestNGFirstClass@2ef5e5e3]" name="test1" duration-ms="9" started-at="2020-08-08T06:17:01Z" finished-at="2020-08-08T06:17:01Z">
          <reporter-output>
          </reporter-output>
        </test-method> <!-- test1 -->
        <test-method status="PASS" signature="beforeMethod()[pri:0, instance:basicAnnotations.TestNGFirstClass@2ef5e5e3]" name="beforeMethod" is-config="true" duration-ms="0" started-at="2020-08-08T06:17:01Z" finished-at="2020-08-08T06:17:01Z">
          <reporter-output>
          </reporter-output>
        </test-method> <!-- beforeMethod -->
        <test-method status="PASS" signature="afterMethod()[pri:0, instance:basicAnnotations.TestNGFirstClass@2ef5e5e3]" name="afterMethod" is-config="true" duration-ms="1" started-at="2020-08-08T06:17:01Z" finished-at="2020-08-08T06:17:01Z">
          <reporter-output>
          </reporter-output>
        </test-method> <!-- afterMethod -->
        <test-method status="PASS" signature="beforeMethod()[pri:0, instance:basicAnnotations.TestNGFirstClass@2ef5e5e3]" name="beforeMethod" is-config="true" duration-ms="1" started-at="2020-08-08T06:17:01Z" finished-at="2020-08-08T06:17:01Z">
          <reporter-output>
          </reporter-output>
        </test-method> <!-- beforeMethod -->
        <test-method status="PASS" signature="test2()[pri:0, instance:basicAnnotations.TestNGFirstClass@2ef5e5e3]" name="test2" duration-ms="4" started-at="2020-08-08T06:17:01Z" finished-at="2020-08-08T06:17:01Z">
          <reporter-output>
          </reporter-output>
        </test-method> <!-- test2 -->
        <test-method status="PASS" signature="afterMethod()[pri:0, instance:basicAnnotations.TestNGFirstClass@2ef5e5e3]" name="afterMethod" is-config="true" duration-ms="1" started-at="2020-08-08T06:17:01Z" finished-at="2020-08-08T06:17:01Z">
          <reporter-output>
          </reporter-output>
        </test-method> <!-- afterMethod -->
        <test-method status="PASS" signature="beforeMethod()[pri:0, instance:basicAnnotations.TestNGFirstClass@2ef5e5e3]" name="beforeMethod" is-config="true" duration-ms="1" started-at="2020-08-08T06:17:01Z" finished-at="2020-08-08T06:17:01Z">
          <reporter-output>
          </reporter-output>
        </test-method> <!-- beforeMethod -->
        <test-method status="PASS" signature="test3()[pri:0, instance:basicAnnotations.TestNGFirstClass@2ef5e5e3]" name="test3" duration-ms="2" started-at="2020-08-08T06:17:01Z" finished-at="2020-08-08T06:17:01Z">
          <reporter-output>
          </reporter-output>
        </test-method> <!-- test3 -->
        <test-method status="PASS" signature="afterMethod()[pri:0, instance:basicAnnotations.TestNGFirstClass@2ef5e5e3]" name="afterMethod" is-config="true" duration-ms="0" started-at="2020-08-08T06:17:01Z" finished-at="2020-08-08T06:17:01Z">
          <reporter-output>
          </reporter-output>
        </test-method> <!-- afterMethod -->
        <test-method status="PASS" signature="afterClass()[pri:0, instance:basicAnnotations.TestNGFirstClass@2ef5e5e3]" name="afterClass" is-config="true" duration-ms="0" started-at="2020-08-08T06:17:01Z" finished-at="2020-08-08T06:17:01Z">
          <reporter-output>
          </reporter-output>
        </test-method> <!-- afterClass -->
        <test-method status="PASS" signature="afterSuite()[pri:0, instance:basicAnnotations.TestNGFirstClass@2ef5e5e3]" name="afterSuite" is-config="true" duration-ms="0" started-at="2020-08-08T06:17:01Z" finished-at="2020-08-08T06:17:01Z">
          <reporter-output>
          </reporter-output>
        </test-method> <!-- afterSuite -->
      </class> <!-- basicAnnotations.TestNGFirstClass -->
    </test> <!-- Default test -->
  </suite> <!-- Default suite -->
</testng-results>
