<?xml version="1.0" encoding="UTF-8"?>
<!-- Generated by org.testng.reporters.JUnitXMLReporter -->
<testsuite hostname="DESKTOP-A6N9SAN" ignored="0" name="Default test" tests="3" failures="0" timestamp="08 Aug 2020 06:17:01 GMT" time="0.052" errors="0">
  <testcase name="test1" time="0.009" classname="basicAnnotations.TestNGFirstClass"/>
  <testcase name="test2" time="0.004" classname="basicAnnotations.TestNGFirstClass"/>
  <testcase name="test3" time="0.002" classname="basicAnnotations.TestNGFirstClass"/>
</testsuite> <!-- Default test -->
