<?xml version="1.0" encoding="UTF-8"?>
<testng-results skipped="0" failed="0" ignored="0" total="6" passed="6">
  <reporter-output>
  </reporter-output>
  <suite name="Suite" duration-ms="58882" started-at="2020-08-09T07:42:26Z" finished-at="2020-08-09T07:43:25Z">
    <groups>
    </groups>
    <test name="Test" duration-ms="58882" started-at="2020-08-09T07:42:26Z" finished-at="2020-08-09T07:43:25Z">
      <class name="testScripts.HomePage.HomePage">
        <test-method status="PASS" signature="initialize()[pri:0, instance:testScripts.HomePage.HomePage@ae45eb6]" name="initialize" is-config="true" duration-ms="18" started-at="2020-08-09T07:42:26Z" finished-at="2020-08-09T07:42:26Z">
          <reporter-output>
          </reporter-output>
        </test-method> <!-- initialize -->
        <test-method status="PASS" signature="launchBrowser(java.lang.String)[pri:0, instance:testScripts.HomePage.HomePage@ae45eb6]" name="launchBrowser" is-config="true" duration-ms="53370" started-at="2020-08-09T07:42:26Z" finished-at="2020-08-09T07:43:19Z">
          <params>
            <param index="0">
              <value>
                <![CDATA[Chrome]]>
              </value>
            </param>
          </params>
          <reporter-output>
          </reporter-output>
        </test-method> <!-- launchBrowser -->
        <test-method status="PASS" signature="verifyIsAutomobileVisible()[pri:0, instance:testScripts.HomePage.HomePage@ae45eb6]" name="verifyIsAutomobileVisible" duration-ms="31" started-at="2020-08-09T07:43:19Z" finished-at="2020-08-09T07:43:19Z">
          <reporter-output>
          </reporter-output>
        </test-method> <!-- verifyIsAutomobileVisible -->
        <test-method status="PASS" signature="verifyIsCamperVisible()[pri:0, instance:testScripts.HomePage.HomePage@ae45eb6]" name="verifyIsCamperVisible" duration-ms="20" started-at="2020-08-09T07:43:19Z" finished-at="2020-08-09T07:43:19Z">
          <reporter-output>
          </reporter-output>
        </test-method> <!-- verifyIsCamperVisible -->
        <test-method status="PASS" signature="verifyIsMotorCycleVisible()[pri:0, instance:testScripts.HomePage.HomePage@ae45eb6]" name="verifyIsMotorCycleVisible" duration-ms="21" started-at="2020-08-09T07:43:19Z" finished-at="2020-08-09T07:43:19Z">
          <reporter-output>
          </reporter-output>
        </test-method> <!-- verifyIsMotorCycleVisible -->
        <test-method status="PASS" signature="verifyIsTruckVisible()[pri:0, instance:testScripts.HomePage.HomePage@ae45eb6]" name="verifyIsTruckVisible" duration-ms="23" started-at="2020-08-09T07:43:19Z" finished-at="2020-08-09T07:43:19Z">
          <reporter-output>
          </reporter-output>
        </test-method> <!-- verifyIsTruckVisible -->
        <test-method status="PASS" signature="verifyIsAutobileClickable()[pri:1, instance:testScripts.HomePage.HomePage@ae45eb6]" name="verifyIsAutobileClickable" duration-ms="2706" started-at="2020-08-09T07:43:19Z" finished-at="2020-08-09T07:43:22Z">
          <reporter-output>
          </reporter-output>
        </test-method> <!-- verifyIsAutobileClickable -->
        <test-method status="PASS" signature="verifyIsTruckClickable()[pri:2, instance:testScripts.HomePage.HomePage@ae45eb6]" name="verifyIsTruckClickable" duration-ms="1826" started-at="2020-08-09T07:43:22Z" finished-at="2020-08-09T07:43:24Z">
          <reporter-output>
          </reporter-output>
        </test-method> <!-- verifyIsTruckClickable -->
        <test-method status="PASS" signature="quitBrower()[pri:0, instance:testScripts.HomePage.HomePage@ae45eb6]" name="quitBrower" is-config="true" duration-ms="855" started-at="2020-08-09T07:43:24Z" finished-at="2020-08-09T07:43:25Z">
          <reporter-output>
          </reporter-output>
        </test-method> <!-- quitBrower -->
        <test-method status="PASS" signature="tearDown()[pri:0, instance:testScripts.HomePage.HomePage@ae45eb6]" name="tearDown" is-config="true" duration-ms="0" started-at="2020-08-09T07:43:25Z" finished-at="2020-08-09T07:43:25Z">
          <reporter-output>
          </reporter-output>
        </test-method> <!-- tearDown -->
      </class> <!-- testScripts.HomePage.HomePage -->
    </test> <!-- Test -->
  </suite> <!-- Suite -->
</testng-results>
