<?xml version="1.0" encoding="UTF-8"?>
<testng-results skipped="0" failed="0" ignored="0" total="6" passed="6">
  <reporter-output>
  </reporter-output>
  <suite name="Suite" duration-ms="71895" started-at="2020-08-13T07:49:16Z" finished-at="2020-08-13T07:50:28Z">
    <groups>
    </groups>
    <test name="Test" duration-ms="71895" started-at="2020-08-13T07:49:16Z" finished-at="2020-08-13T07:50:28Z">
      <class name="testScripts.HomePage.HomePage">
        <test-method status="PASS" signature="initialize()[pri:0, instance:testScripts.HomePage.HomePage@ae45eb6]" name="initialize" is-config="true" duration-ms="15" started-at="2020-08-13T07:49:16Z" finished-at="2020-08-13T07:49:16Z">
          <reporter-output>
          </reporter-output>
        </test-method> <!-- initialize -->
        <test-method status="PASS" signature="launchBrowser(java.lang.String)[pri:0, instance:testScripts.HomePage.HomePage@ae45eb6]" name="launchBrowser" is-config="true" duration-ms="66305" started-at="2020-08-13T07:49:16Z" finished-at="2020-08-13T07:50:22Z">
          <params>
            <param index="0">
              <value>
                <![CDATA[Chrome]]>
              </value>
            </param>
          </params>
          <reporter-output>
          </reporter-output>
        </test-method> <!-- launchBrowser -->
        <test-method status="PASS" signature="verifyIsAutomobileVisible()[pri:0, instance:testScripts.HomePage.HomePage@ae45eb6]" name="verifyIsAutomobileVisible" duration-ms="46" started-at="2020-08-13T07:50:22Z" finished-at="2020-08-13T07:50:22Z">
          <reporter-output>
          </reporter-output>
        </test-method> <!-- verifyIsAutomobileVisible -->
        <test-method status="PASS" signature="verifyIsCamperVisible()[pri:0, instance:testScripts.HomePage.HomePage@ae45eb6]" name="verifyIsCamperVisible" duration-ms="25" started-at="2020-08-13T07:50:22Z" finished-at="2020-08-13T07:50:22Z">
          <reporter-output>
          </reporter-output>
        </test-method> <!-- verifyIsCamperVisible -->
        <test-method status="PASS" signature="verifyIsMotorCycleVisible()[pri:0, instance:testScripts.HomePage.HomePage@ae45eb6]" name="verifyIsMotorCycleVisible" duration-ms="26" started-at="2020-08-13T07:50:22Z" finished-at="2020-08-13T07:50:22Z">
          <reporter-output>
          </reporter-output>
        </test-method> <!-- verifyIsMotorCycleVisible -->
        <test-method status="PASS" signature="verifyIsTruckVisible()[pri:0, instance:testScripts.HomePage.HomePage@ae45eb6]" name="verifyIsTruckVisible" duration-ms="29" started-at="2020-08-13T07:50:22Z" finished-at="2020-08-13T07:50:22Z">
          <reporter-output>
          </reporter-output>
        </test-method> <!-- verifyIsTruckVisible -->
        <test-method status="PASS" signature="verifyIsAutobileClickable()[pri:1, instance:testScripts.HomePage.HomePage@ae45eb6]" name="verifyIsAutobileClickable" duration-ms="2985" started-at="2020-08-13T07:50:22Z" finished-at="2020-08-13T07:50:25Z">
          <reporter-output>
          </reporter-output>
        </test-method> <!-- verifyIsAutobileClickable -->
        <test-method status="PASS" signature="verifyIsTruckClickable()[pri:2, instance:testScripts.HomePage.HomePage@ae45eb6]" name="verifyIsTruckClickable" duration-ms="1641" started-at="2020-08-13T07:50:25Z" finished-at="2020-08-13T07:50:27Z">
          <reporter-output>
          </reporter-output>
        </test-method> <!-- verifyIsTruckClickable -->
        <test-method status="PASS" signature="quitBrower()[pri:0, instance:testScripts.HomePage.HomePage@ae45eb6]" name="quitBrower" is-config="true" duration-ms="802" started-at="2020-08-13T07:50:27Z" finished-at="2020-08-13T07:50:28Z">
          <reporter-output>
          </reporter-output>
        </test-method> <!-- quitBrower -->
        <test-method status="PASS" signature="tearDown()[pri:0, instance:testScripts.HomePage.HomePage@ae45eb6]" name="tearDown" is-config="true" duration-ms="0" started-at="2020-08-13T07:50:28Z" finished-at="2020-08-13T07:50:28Z">
          <reporter-output>
          </reporter-output>
        </test-method> <!-- tearDown -->
      </class> <!-- testScripts.HomePage.HomePage -->
    </test> <!-- Test -->
  </suite> <!-- Suite -->
</testng-results>
