<?xml version="1.0" encoding="UTF-8"?>
<testng-results skipped="0" failed="0" ignored="0" total="1" passed="1">
  <reporter-output>
  </reporter-output>
  <suite name="Suite" duration-ms="1076" started-at="2020-08-12T15:10:16Z" finished-at="2020-08-12T15:10:17Z">
    <groups>
    </groups>
    <test name="Test" duration-ms="1076" started-at="2020-08-12T15:10:16Z" finished-at="2020-08-12T15:10:17Z">
      <class name="EnterProductDataSample.ValidationSample">
        <test-method status="PASS" signature="initialise()[pri:0, instance:EnterProductDataSample.ValidationSample@68be2bc2]" name="initialise" is-config="true" duration-ms="48892" started-at="2020-08-12T15:09:27Z" finished-at="2020-08-12T15:10:16Z">
          <reporter-output>
          </reporter-output>
        </test-method> <!-- initialise -->
        <test-method status="PASS" signature="hobbiesSelection()[pri:0, instance:EnterProductDataSample.ValidationSample@68be2bc2]" name="hobbiesSelection" duration-ms="1043" started-at="2020-08-12T15:10:16Z" finished-at="2020-08-12T15:10:17Z">
          <reporter-output>
          </reporter-output>
        </test-method> <!-- hobbiesSelection -->
      </class> <!-- EnterProductDataSample.ValidationSample -->
    </test> <!-- Test -->
  </suite> <!-- Suite -->
</testng-results>
