<?xml version="1.0" encoding="UTF-8"?>
<testng-results skipped="0" failed="0" ignored="0" total="2" passed="2">
  <reporter-output>
  </reporter-output>
  <suite name="Default suite" duration-ms="58209" started-at="2020-08-15T05:46:16Z" finished-at="2020-08-15T05:47:15Z">
    <groups>
    </groups>
    <test name="Default test" duration-ms="58209" started-at="2020-08-15T05:46:16Z" finished-at="2020-08-15T05:47:15Z">
      <class name="samplePackage.Testing">
        <test-method status="PASS" signature="test1()[pri:0, instance:samplePackage.Testing@68be2bc2]" name="test1" duration-ms="35" started-at="2020-08-15T11:16:17Z" finished-at="2020-08-15T11:16:17Z">
          <reporter-output>
          </reporter-output>
        </test-method> <!-- test1 -->
        <test-method status="PASS" signature="test2()[pri:0, instance:samplePackage.Testing@68be2bc2]" name="test2" duration-ms="58139" started-at="2020-08-15T11:16:17Z" finished-at="2020-08-15T11:17:15Z">
          <reporter-output>
          </reporter-output>
        </test-method> <!-- test2 -->
      </class> <!-- samplePackage.Testing -->
    </test> <!-- Default test -->
  </suite> <!-- Default suite -->
</testng-results>
