<?xml version="1.0" encoding="UTF-8"?>
<!-- Generated by org.testng.reporters.JUnitXMLReporter -->
<testsuite hostname="DESKTOP-A6N9SAN" ignored="0" name="Test" tests="6" failures="0" timestamp="13 Aug 2020 07:50:28 GMT" time="71.895" errors="0">
  <testcase name="verifyIsAutomobileVisible" time="0.046" classname="testScripts.HomePage.HomePage"/>
  <testcase name="verifyIsCamperVisible" time="0.025" classname="testScripts.HomePage.HomePage"/>
  <testcase name="verifyIsMotorCycleVisible" time="0.026" classname="testScripts.HomePage.HomePage"/>
  <testcase name="verifyIsTruckVisible" time="0.029" classname="testScripts.HomePage.HomePage"/>
  <testcase name="verifyIsAutobileClickable" time="2.985" classname="testScripts.HomePage.HomePage"/>
  <testcase name="verifyIsTruckClickable" time="1.641" classname="testScripts.HomePage.HomePage"/>
</testsuite> <!-- Test -->
